c:\users\inha\source\repos\svn_ljh\haveanicedeath\have-a-nice-death\have_a_nice_death\have_a_nice_death\x64\debug\vc143.pdb
c:\users\inha\source\repos\svn_ljh\haveanicedeath\have-a-nice-death\have_a_nice_death\have_a_nice_death\x64\debug\vc143.idb
c:\users\inha\source\repos\svn_ljh\haveanicedeath\have-a-nice-death\have_a_nice_death\have_a_nice_death\x64\debug\spritemanager.obj
c:\users\inha\source\repos\svn_ljh\haveanicedeath\have-a-nice-death\have_a_nice_death\have_a_nice_death\x64\debug\smallghost.obj
c:\users\inha\source\repos\svn_ljh\haveanicedeath\have-a-nice-death\have_a_nice_death\have_a_nice_death\x64\debug\sensor.obj
c:\users\inha\source\repos\svn_ljh\haveanicedeath\have-a-nice-death\have_a_nice_death\have_a_nice_death\x64\debug\playercontroller.obj
c:\users\inha\source\repos\svn_ljh\haveanicedeath\have-a-nice-death\have_a_nice_death\have_a_nice_death\x64\debug\object.obj
c:\users\inha\source\repos\svn_ljh\haveanicedeath\have-a-nice-death\have_a_nice_death\have_a_nice_death\x64\debug\lobbyscene.obj
c:\users\inha\source\repos\svn_ljh\haveanicedeath\have-a-nice-death\have_a_nice_death\have_a_nice_death\x64\debug\livingobject.obj
c:\users\inha\source\repos\svn_ljh\haveanicedeath\have-a-nice-death\have_a_nice_death\have_a_nice_death\x64\debug\inputmanager.obj
c:\users\inha\source\repos\svn_ljh\haveanicedeath\have-a-nice-death\have_a_nice_death\have_a_nice_death\x64\debug\have_a_nice_death.obj
c:\users\inha\source\repos\svn_ljh\haveanicedeath\have-a-nice-death\have_a_nice_death\have_a_nice_death\x64\debug\gamescene.obj
c:\users\inha\source\repos\svn_ljh\haveanicedeath\have-a-nice-death\have_a_nice_death\have_a_nice_death\x64\debug\game.obj
c:\users\inha\source\repos\svn_ljh\haveanicedeath\have-a-nice-death\have_a_nice_death\have_a_nice_death\x64\debug\editorscene.obj
c:\users\inha\source\repos\svn_ljh\haveanicedeath\have-a-nice-death\have_a_nice_death\have_a_nice_death\x64\debug\dxbitmap.obj
c:\users\inha\source\repos\svn_ljh\haveanicedeath\have-a-nice-death\have_a_nice_death\have_a_nice_death\x64\debug\defines.obj
c:\users\inha\source\repos\svn_ljh\haveanicedeath\have-a-nice-death\have_a_nice_death\have_a_nice_death\x64\debug\debuglenderer.obj
c:\users\inha\source\repos\svn_ljh\haveanicedeath\have-a-nice-death\have_a_nice_death\have_a_nice_death\x64\debug\death.obj
c:\users\inha\source\repos\svn_ljh\haveanicedeath\have-a-nice-death\have_a_nice_death\have_a_nice_death\x64\debug\controller.obj
c:\users\inha\source\repos\svn_ljh\haveanicedeath\have-a-nice-death\have_a_nice_death\have_a_nice_death\x64\debug\collider.obj
c:\users\inha\source\repos\svn_ljh\haveanicedeath\have-a-nice-death\have_a_nice_death\have_a_nice_death\x64\debug\animaotr.obj
c:\users\inha\source\repos\svn_ljh\haveanicedeath\have-a-nice-death\have_a_nice_death\have_a_nice_death\x64\debug\aicontroller.obj
c:\users\inha\source\repos\svn_ljh\haveanicedeath\have-a-nice-death\have_a_nice_death\have_a_nice_death\x64\debug\uimanager.obj
c:\users\inha\source\repos\svn_ljh\haveanicedeath\have-a-nice-death\have_a_nice_death\have_a_nice_death\x64\debug\uiimage.obj
c:\users\inha\source\repos\svn_ljh\haveanicedeath\have-a-nice-death\have_a_nice_death\have_a_nice_death\x64\debug\uibutton.obj
c:\users\inha\source\repos\svn_ljh\haveanicedeath\have-a-nice-death\have_a_nice_death\have_a_nice_death\x64\debug\ui.obj
c:\users\inha\source\repos\svn_ljh\haveanicedeath\have-a-nice-death\have_a_nice_death\have_a_nice_death\x64\debug\timemanager.obj
c:\users\inha\source\repos\svn_ljh\haveanicedeath\have-a-nice-death\have_a_nice_death\have_a_nice_death\x64\debug\texture.obj
c:\users\inha\source\repos\svn_ljh\haveanicedeath\have-a-nice-death\have_a_nice_death\have_a_nice_death\x64\debug\staticobject.obj
c:\users\inha\source\repos\svn_ljh\haveanicedeath\have-a-nice-death\have_a_nice_death\have_a_nice_death\x64\debug\stage.obj
c:\users\inha\source\repos\svn_ljh\haveanicedeath\have-a-nice-death\have_a_nice_death\have_a_nice_death\x64\debug\sceneloader.obj
c:\users\inha\source\repos\svn_ljh\haveanicedeath\have-a-nice-death\have_a_nice_death\have_a_nice_death\x64\debug\scene.obj
c:\users\inha\source\repos\svn_ljh\haveanicedeath\have-a-nice-death\have_a_nice_death\have_a_nice_death\x64\debug\hitboxmanager.obj
c:\users\inha\source\repos\svn_ljh\haveanicedeath\have-a-nice-death\have_a_nice_death\have_a_nice_death\x64\debug\hitbox.obj
c:\users\inha\source\repos\svn_ljh\haveanicedeath\have-a-nice-death\have_a_nice_death\have_a_nice_death\x64\debug\book.obj
c:\users\inha\source\repos\svn_ljh\haveanicedeath\have-a-nice-death\have_a_nice_death\have_a_nice_death\x64\debug\have_a_nice_death.pch
c:\users\inha\source\repos\svn_ljh\haveanicedeath\have-a-nice-death\have_a_nice_death\have_a_nice_death\x64\debug\pch.obj
c:\users\inha\source\repos\svn_ljh\haveanicedeath\have-a-nice-death\have_a_nice_death\have_a_nice_death\x64\debug\have_a_nice_death.res
c:\users\inha\source\repos\svn_ljh\haveanicedeath\have-a-nice-death\have_a_nice_death\have_a_nice_death\x64\debug\have_a_nice_death.ilk
c:\users\inha\source\repos\svn_ljh\haveanicedeath\have-a-nice-death\have_a_nice_death\x64\debug\have_a_nice_death.pdb
c:\users\inha\source\repos\svn_ljh\haveanicedeath\have-a-nice-death\have_a_nice_death\have_a_nice_death\x64\debug\have_a_n.8c34c8c7.tlog\cl.command.1.tlog
c:\users\inha\source\repos\svn_ljh\haveanicedeath\have-a-nice-death\have_a_nice_death\have_a_nice_death\x64\debug\have_a_n.8c34c8c7.tlog\cl.items.tlog
c:\users\inha\source\repos\svn_ljh\haveanicedeath\have-a-nice-death\have_a_nice_death\have_a_nice_death\x64\debug\have_a_n.8c34c8c7.tlog\cl.read.1.tlog
c:\users\inha\source\repos\svn_ljh\haveanicedeath\have-a-nice-death\have_a_nice_death\have_a_nice_death\x64\debug\have_a_n.8c34c8c7.tlog\cl.write.1.tlog
c:\users\inha\source\repos\svn_ljh\haveanicedeath\have-a-nice-death\have_a_nice_death\have_a_nice_death\x64\debug\have_a_n.8c34c8c7.tlog\link.9488-cvtres.read.1.tlog
c:\users\inha\source\repos\svn_ljh\haveanicedeath\have-a-nice-death\have_a_nice_death\have_a_nice_death\x64\debug\have_a_n.8c34c8c7.tlog\link.9488-cvtres.write.1.tlog
c:\users\inha\source\repos\svn_ljh\haveanicedeath\have-a-nice-death\have_a_nice_death\have_a_nice_death\x64\debug\have_a_n.8c34c8c7.tlog\link.9488-rc.read.1.tlog
c:\users\inha\source\repos\svn_ljh\haveanicedeath\have-a-nice-death\have_a_nice_death\have_a_nice_death\x64\debug\have_a_n.8c34c8c7.tlog\link.9488-rc.write.1.tlog
c:\users\inha\source\repos\svn_ljh\haveanicedeath\have-a-nice-death\have_a_nice_death\have_a_nice_death\x64\debug\have_a_n.8c34c8c7.tlog\link.9488.read.1.tlog
c:\users\inha\source\repos\svn_ljh\haveanicedeath\have-a-nice-death\have_a_nice_death\have_a_nice_death\x64\debug\have_a_n.8c34c8c7.tlog\link.9488.read.2.tlog
c:\users\inha\source\repos\svn_ljh\haveanicedeath\have-a-nice-death\have_a_nice_death\have_a_nice_death\x64\debug\have_a_n.8c34c8c7.tlog\link.9488.write.1.tlog
c:\users\inha\source\repos\svn_ljh\haveanicedeath\have-a-nice-death\have_a_nice_death\have_a_nice_death\x64\debug\have_a_n.8c34c8c7.tlog\link.command.1.tlog
c:\users\inha\source\repos\svn_ljh\haveanicedeath\have-a-nice-death\have_a_nice_death\have_a_nice_death\x64\debug\have_a_n.8c34c8c7.tlog\link.read.1.tlog
c:\users\inha\source\repos\svn_ljh\haveanicedeath\have-a-nice-death\have_a_nice_death\have_a_nice_death\x64\debug\have_a_n.8c34c8c7.tlog\link.secondary.1.tlog
c:\users\inha\source\repos\svn_ljh\haveanicedeath\have-a-nice-death\have_a_nice_death\have_a_nice_death\x64\debug\have_a_n.8c34c8c7.tlog\link.write.1.tlog
c:\users\inha\source\repos\svn_ljh\haveanicedeath\have-a-nice-death\have_a_nice_death\have_a_nice_death\x64\debug\have_a_n.8c34c8c7.tlog\rc.command.1.tlog
c:\users\inha\source\repos\svn_ljh\haveanicedeath\have-a-nice-death\have_a_nice_death\have_a_nice_death\x64\debug\have_a_n.8c34c8c7.tlog\rc.read.1.tlog
c:\users\inha\source\repos\svn_ljh\haveanicedeath\have-a-nice-death\have_a_nice_death\have_a_nice_death\x64\debug\have_a_n.8c34c8c7.tlog\rc.write.1.tlog
